<?xml version="1.0" encoding="UTF-8"?>
<testsuite name="EditBookResourceTest" tests="3" skipped="0" failures="0" errors="0" timestamp="2018-03-18T21:04:00" hostname="vagrant-ubuntu-trusty-64" time="0.759">
  <properties/>
  <testcase name="testThatEditingChangesXMLFile" classname="EditBookResourceTest" time="0.383"/>
  <testcase name="testThatEditingChangesBook" classname="EditBookResourceTest" time="0.17"/>
  <testcase name="testThatEditingDoesntCorruptXMLFile" classname="EditBookResourceTest" time="0.102"/>
  <system-out><![CDATA[]]></system-out>
  <system-err><![CDATA[]]></system-err>
</testsuite>
