<?xml version="1.0" encoding="UTF-8"?>
<testsuite name="CatalogTest" tests="6" skipped="0" failures="0" errors="0" timestamp="2018-03-18T21:04:00" hostname="vagrant-ubuntu-trusty-64" time="0.042">
  <properties/>
  <testcase name="testAddBook" classname="CatalogTest" time="0.001"/>
  <testcase name="testGetBook" classname="CatalogTest" time="0.0"/>
  <testcase name="testRemoveBook" classname="CatalogTest" time="0.013"/>
  <testcase name="testNextId" classname="CatalogTest" time="0.019"/>
  <testcase name="testGetBooksAsJson" classname="CatalogTest" time="0.008"/>
  <testcase name="testContainsDuplicate" classname="CatalogTest" time="0.0"/>
  <system-out><![CDATA[---------------------------------------------- Duplicate book found --------------------------------------------------
]]></system-out>
  <system-err><![CDATA[]]></system-err>
</testsuite>
